2021-01-06 09:18:02,250 INFO PERFORMANCE:|0|0|-1|-1

2021-01-06 09:23:02,982 INFO PERFORMANCE:|0|0|-1|-1

2021-01-06 09:28:02,983 INFO PERFORMANCE:|0|0|-1|-1

2021-01-06 09:33:02,984 INFO PERFORMANCE:|0|0|-1|-1

2021-01-06 09:38:02,986 INFO PERFORMANCE:|0|0|-1|-1

2021-01-06 09:43:02,987 INFO PERFORMANCE:|0|0|-1|-1

2021-01-06 09:48:02,988 INFO PERFORMANCE:|0|0|-1|-1

2021-01-06 09:53:02,988 INFO PERFORMANCE:|0|0|-1|-1

2021-01-06 09:58:02,989 INFO PERFORMANCE:|0|0|-1|-1

2021-01-06 10:03:02,990 INFO PERFORMANCE:|0|0|-1|-1

2021-01-06 10:08:02,992 INFO PERFORMANCE:|0|0|-1|-1

2021-01-06 10:13:03,016 INFO PERFORMANCE:|0|0|-1|-1

2021-01-06 10:18:03,017 INFO PERFORMANCE:|0|0|-1|-1

2021-01-06 10:23:03,021 INFO PERFORMANCE:|0|0|-1|-1

2021-01-06 10:28:03,022 INFO PERFORMANCE:|0|0|-1|-1

2021-01-06 10:33:03,023 INFO PERFORMANCE:|0|0|-1|-1

2021-01-06 10:38:03,024 INFO PERFORMANCE:|0|0|-1|-1

2021-01-06 10:43:03,026 INFO PERFORMANCE:|0|0|-1|-1

2021-01-06 10:48:03,026 INFO PERFORMANCE:|0|0|-1|-1

2021-01-06 10:53:03,028 INFO PERFORMANCE:|0|0|-1|-1

2021-01-06 10:58:03,030 INFO PERFORMANCE:|0|0|-1|-1

2021-01-06 11:03:03,032 INFO PERFORMANCE:|0|0|-1|-1

2021-01-06 11:08:03,032 INFO PERFORMANCE:|0|0|-1|-1

2021-01-06 11:13:03,034 INFO PERFORMANCE:|0|0|-1|-1

2021-01-06 11:18:03,034 INFO PERFORMANCE:|0|0|-1|-1

2021-01-06 11:23:03,037 INFO PERFORMANCE:|0|0|-1|-1

2021-01-06 11:28:03,037 INFO PERFORMANCE:|0|0|-1|-1

2021-01-06 11:33:03,039 INFO PERFORMANCE:|0|0|-1|-1

2021-01-06 11:38:03,040 INFO PERFORMANCE:|0|0|-1|-1

2021-01-06 11:43:03,041 INFO PERFORMANCE:|0|0|-1|-1

2021-01-06 11:48:03,043 INFO PERFORMANCE:|0|0|-1|-1

2021-01-06 11:53:03,044 INFO PERFORMANCE:|0|0|-1|-1

2021-01-06 11:58:03,044 INFO PERFORMANCE:|0|0|-1|-1

2021-01-06 12:03:03,046 INFO PERFORMANCE:|0|0|-1|-1

2021-01-06 12:08:03,051 INFO PERFORMANCE:|0|0|-1|-1

2021-01-06 12:13:03,053 INFO PERFORMANCE:|0|0|-1|-1

2021-01-06 12:18:03,054 INFO PERFORMANCE:|0|0|-1|-1

2021-01-06 12:23:03,055 INFO PERFORMANCE:|0|0|-1|-1

2021-01-06 12:28:03,056 INFO PERFORMANCE:|0|0|-1|-1

2021-01-06 12:33:03,057 INFO PERFORMANCE:|0|0|-1|-1

2021-01-06 12:38:03,058 INFO PERFORMANCE:|0|0|-1|-1

2021-01-06 12:43:03,058 INFO PERFORMANCE:|0|0|-1|-1

2021-01-06 12:48:03,059 INFO PERFORMANCE:|0|0|-1|-1

2021-01-06 12:53:03,059 INFO PERFORMANCE:|0|0|-1|-1

2021-01-06 12:58:03,061 INFO PERFORMANCE:|0|0|-1|-1

2021-01-06 13:03:03,062 INFO PERFORMANCE:|0|0|-1|-1

2021-01-06 13:08:03,064 INFO PERFORMANCE:|0|0|-1|-1

2021-01-06 13:13:03,065 INFO PERFORMANCE:|0|0|-1|-1

2021-01-06 13:18:03,067 INFO PERFORMANCE:|0|0|-1|-1

2021-01-06 13:23:03,068 INFO PERFORMANCE:|0|0|-1|-1

2021-01-06 13:28:03,069 INFO PERFORMANCE:|0|0|-1|-1

2021-01-06 13:33:03,070 INFO PERFORMANCE:|0|0|-1|-1

2021-01-06 13:38:03,071 INFO PERFORMANCE:|0|0|-1|-1

2021-01-06 13:43:03,072 INFO PERFORMANCE:|0|0|-1|-1

2021-01-06 13:48:03,073 INFO PERFORMANCE:|0|0|-1|-1

2021-01-06 13:53:03,074 INFO PERFORMANCE:|0|0|-1|-1

2021-01-06 13:58:03,075 INFO PERFORMANCE:|0|0|-1|-1

2021-01-06 14:03:03,077 INFO PERFORMANCE:|0|0|-1|-1

2021-01-06 14:08:03,078 INFO PERFORMANCE:|0|0|-1|-1

2021-01-06 14:13:03,080 INFO PERFORMANCE:|0|0|-1|-1

2021-01-06 14:18:03,081 INFO PERFORMANCE:|0|0|-1|-1

2021-01-06 14:23:03,083 INFO PERFORMANCE:|0|0|-1|-1

2021-01-06 14:28:03,084 INFO PERFORMANCE:|0|0|-1|-1

2021-01-06 14:33:03,085 INFO PERFORMANCE:|0|0|-1|-1

2021-01-06 14:38:03,086 INFO PERFORMANCE:|0|0|-1|-1

2021-01-06 14:43:03,087 INFO PERFORMANCE:|0|0|-1|-1

2021-01-06 14:48:03,088 INFO PERFORMANCE:|0|0|-1|-1

2021-01-06 14:53:03,089 INFO PERFORMANCE:|0|0|-1|-1

2021-01-06 14:58:03,090 INFO PERFORMANCE:|0|0|-1|-1

2021-01-06 15:03:03,091 INFO PERFORMANCE:|0|0|-1|-1

2021-01-06 15:08:03,092 INFO PERFORMANCE:|0|0|-1|-1

2021-01-06 15:13:03,093 INFO PERFORMANCE:|0|0|-1|-1

2021-01-06 15:18:03,095 INFO PERFORMANCE:|0|0|-1|-1

2021-01-06 15:23:03,096 INFO PERFORMANCE:|0|0|-1|-1

2021-01-06 15:28:03,098 INFO PERFORMANCE:|0|0|-1|-1

2021-01-06 15:33:03,101 INFO PERFORMANCE:|0|0|-1|-1

2021-01-06 15:38:03,103 INFO PERFORMANCE:|0|0|-1|-1

2021-01-06 15:43:03,104 INFO PERFORMANCE:|0|0|-1|-1

2021-01-06 15:48:03,105 INFO PERFORMANCE:|0|0|-1|-1

2021-01-06 15:53:03,106 INFO PERFORMANCE:|0|0|-1|-1

2021-01-06 15:58:03,108 INFO PERFORMANCE:|0|0|-1|-1

2021-01-06 16:03:03,109 INFO PERFORMANCE:|0|0|-1|-1

2021-01-06 16:08:03,111 INFO PERFORMANCE:|0|0|-1|-1

2021-01-06 16:13:03,111 INFO PERFORMANCE:|0|0|-1|-1

2021-01-06 16:18:03,113 INFO PERFORMANCE:|0|0|-1|-1

2021-01-06 16:23:03,114 INFO PERFORMANCE:|0|0|-1|-1

2021-01-06 16:28:03,116 INFO PERFORMANCE:|0|0|-1|-1

2021-01-06 16:33:03,119 INFO PERFORMANCE:|0|0|-1|-1

2021-01-06 16:38:03,121 INFO PERFORMANCE:|0|0|-1|-1

2021-01-06 16:43:03,122 INFO PERFORMANCE:|0|0|-1|-1

2021-01-06 16:48:03,133 INFO PERFORMANCE:|0|0|-1|-1

2021-01-06 16:53:03,134 INFO PERFORMANCE:|0|0|-1|-1

2021-01-06 16:58:03,135 INFO PERFORMANCE:|0|0|-1|-1

2021-01-06 17:03:03,136 INFO PERFORMANCE:|0|0|-1|-1

2021-01-06 17:08:03,137 INFO PERFORMANCE:|0|0|-1|-1

2021-01-06 17:13:03,138 INFO PERFORMANCE:|0|0|-1|-1

2021-01-06 17:18:03,139 INFO PERFORMANCE:|0|0|-1|-1

2021-01-06 17:23:03,141 INFO PERFORMANCE:|0|0|-1|-1

2021-01-06 17:28:03,143 INFO PERFORMANCE:|0|0|-1|-1

